2025-03-13 14:59:13.796 [info] Reading sessions from keychain...
2025-03-13 14:59:13.796 [info] Getting sessions for all scopes...
2025-03-13 14:59:13.796 [info] Getting sessions for all scopes...
2025-03-13 14:59:13.796 [info] Getting sessions for all scopes...
2025-03-13 14:59:13.796 [info] Getting sessions for all scopes...
2025-03-13 14:59:13.796 [info] Getting sessions for all scopes...
2025-03-13 14:59:13.796 [info] Getting sessions for all scopes...
2025-03-13 14:59:13.796 [info] Getting sessions for all scopes...
2025-03-13 14:59:13.796 [info] Got 0 sessions for ...
2025-03-13 14:59:13.796 [info] Got 0 sessions for ...
2025-03-13 14:59:13.796 [info] Got 0 sessions for ...
2025-03-13 14:59:13.796 [info] Got 0 sessions for ...
2025-03-13 14:59:13.796 [info] Got 0 sessions for ...
2025-03-13 14:59:13.796 [info] Got 0 sessions for ...
2025-03-13 14:59:13.796 [info] Got 0 sessions for ...
2025-03-13 14:59:15.483 [info] Getting sessions for all scopes...
2025-03-13 14:59:15.483 [info] Got 0 sessions for ...
2025-03-13 15:00:02.714 [info] Reading sessions from keychain...
2025-03-13 15:00:02.715 [info] Getting sessions for all scopes...
2025-03-13 15:00:02.716 [info] Getting sessions for all scopes...
2025-03-13 15:00:02.716 [info] Getting sessions for all scopes...
2025-03-13 15:00:02.717 [info] Getting sessions for all scopes...
2025-03-13 15:00:02.717 [info] Getting sessions for all scopes...
2025-03-13 15:00:02.717 [info] Getting sessions for all scopes...
2025-03-13 15:00:02.717 [info] Getting sessions for all scopes...
2025-03-13 15:00:02.717 [info] Getting sessions for all scopes...
2025-03-13 15:00:02.720 [info] Got 0 sessions for ...
2025-03-13 15:00:02.721 [info] Got 0 sessions for ...
2025-03-13 15:00:02.721 [info] Got 0 sessions for ...
2025-03-13 15:00:02.721 [info] Got 0 sessions for ...
2025-03-13 15:00:02.721 [info] Got 0 sessions for ...
2025-03-13 15:00:02.721 [info] Got 0 sessions for ...
2025-03-13 15:00:02.721 [info] Got 0 sessions for ...
2025-03-13 15:00:02.721 [info] Got 0 sessions for ...
2025-03-13 15:00:04.590 [info] Getting sessions for all scopes...
2025-03-13 15:00:04.591 [info] Got 0 sessions for ...
2025-03-13 15:07:28.823 [info] Getting sessions for read:user,repo,user:email,workflow...
2025-03-13 15:07:28.823 [info] Got 0 sessions for read:user,repo,user:email,workflow...
2025-03-13 15:07:32.090 [info] Logging in with 'any' account...
2025-03-13 15:07:32.090 [info] Logging in for the following scopes: read:user repo user:email workflow
2025-03-13 15:07:32.140 [info] Trying without local server... (read:user repo user:email workflow)
2025-03-13 15:12:08.821 [error] User Cancelled
2025-03-13 15:12:15.683 [info] Trying with local server... (read:user repo user:email workflow)
2025-03-13 15:17:15.691 [error] Timed out
2025-03-13 15:24:47.028 [info] Trying device code flow... (read:user repo user:email workflow)
2025-03-13 15:25:01.603 [error] User Cancelled
