2025-03-13 14:59:13.983 [info] [main] Log level: Info
2025-03-13 14:59:13.983 [info] [main] Validating found git in: "git"
2025-03-13 14:59:13.983 [info] [main] Using git "2.34.1" from "git"
2025-03-13 14:59:13.983 [info] [Model][doInitialScan] Initial repository scan started
2025-03-13 14:59:13.983 [info] [Model][doInitialScan] Initial repository scan completed - repositories (0), closed repositories (0), parent repositories (0), unsafe repositories (0)
2025-03-13 15:00:08.123 [info] [main] Log level: Info
2025-03-13 15:00:08.123 [info] [main] Validating found git in: "git"
2025-03-13 15:00:08.123 [info] [main] Using git "2.34.1" from "git"
2025-03-13 15:00:08.123 [info] [Model][doInitialScan] Initial repository scan started
2025-03-13 15:00:08.123 [info] > git rev-parse --show-toplevel [7ms]
2025-03-13 15:00:08.128 [info] > git rev-parse --git-dir --git-common-dir [1ms]
2025-03-13 15:00:08.139 [info] [Model][openRepository] Opened repository: /home/dataline/Desktop/GitHub
2025-03-13 15:00:08.165 [info] > git config --get commit.template [8ms]
2025-03-13 15:00:08.191 [info] > git rev-parse --show-toplevel [28ms]
2025-03-13 15:00:08.193 [info] [Model][doInitialScan] Initial repository scan completed - repositories (1), closed repositories (0), parent repositories (0), unsafe repositories (0)
2025-03-13 15:00:08.212 [info] > git for-each-ref --format=%(refname)%00%(upstream:short)%00%(objectname)%00%(upstream:track)%00%(upstream:remotename)%00%(upstream:remoteref) refs/heads/main refs/remotes/main [3ms]
2025-03-13 15:00:08.228 [info] > git status -z -uall [10ms]
2025-03-13 15:00:08.229 [info] > git for-each-ref --sort -committerdate --format %(refname) %(objectname) %(*objectname) [6ms]
2025-03-13 15:00:08.269 [info] > git for-each-ref --format=%(refname)%00%(upstream:short)%00%(objectname)%00%(upstream:track)%00%(upstream:remotename)%00%(upstream:remoteref) refs/heads/main refs/remotes/main [28ms]
2025-03-13 15:00:08.275 [info] > git config --get --local branch.main.vscode-merge-base [2ms]
2025-03-13 15:00:08.275 [warning] [Git][config] git config failed: Failed to execute git
2025-03-13 15:00:08.279 [info] > git config --get commit.template [10ms]
2025-03-13 15:00:08.284 [info] > git reflog main --grep-reflog=branch: Created from *. [5ms]
2025-03-13 15:00:08.288 [info] > git for-each-ref --format=%(refname)%00%(upstream:short)%00%(objectname)%00%(upstream:track)%00%(upstream:remotename)%00%(upstream:remoteref) refs/heads/main refs/remotes/main [4ms]
2025-03-13 15:00:08.295 [info] > git status -z -uall [4ms]
2025-03-13 15:00:08.296 [info] > git symbolic-ref --short refs/remotes/origin/HEAD [9ms]
2025-03-13 15:00:08.296 [info] fatal: ref refs/remotes/origin/HEAD is not a symbolic ref
2025-03-13 15:00:08.296 [warning] [Repository][getDefaultBranch] Failed to get default branch details: Failed to execute git.
2025-03-13 15:00:08.299 [info] > git for-each-ref --sort -committerdate --format %(refname) %(objectname) %(*objectname) [3ms]
2025-03-13 15:00:08.697 [info] > git check-ignore -v -z --stdin [1ms]
2025-03-13 15:00:10.038 [info] > git log --format=%H%n%aN%n%aE%n%at%n%ct%n%P%n%D%n%B -z --shortstat --diff-merges=first-parent -n50 --skip=0 --topo-order --decorate=full --stdin [1ms]
2025-03-13 15:00:10.641 [info] > git check-ignore -v -z --stdin [1ms]
2025-03-13 15:00:11.396 [info] > git config --get commit.template [5ms]
2025-03-13 15:00:11.396 [info] > git for-each-ref --format=%(refname)%00%(upstream:short)%00%(objectname)%00%(upstream:track)%00%(upstream:remotename)%00%(upstream:remoteref) refs/heads/main refs/remotes/main [1ms]
2025-03-13 15:00:11.408 [info] > git status -z -uall [7ms]
2025-03-13 15:00:11.409 [info] > git for-each-ref --sort -committerdate --format %(refname) %(objectname) %(*objectname) [2ms]
2025-03-13 15:00:12.366 [info] > git check-ignore -v -z --stdin [0ms]
2025-03-13 15:00:15.813 [info] > git check-ignore -v -z --stdin [0ms]
2025-03-13 15:00:16.424 [info] > git config --get commit.template [6ms]
2025-03-13 15:00:16.424 [info] > git for-each-ref --format=%(refname)%00%(upstream:short)%00%(objectname)%00%(upstream:track)%00%(upstream:remotename)%00%(upstream:remoteref) refs/heads/main refs/remotes/main [0ms]
2025-03-13 15:00:16.436 [info] > git status -z -uall [6ms]
2025-03-13 15:00:16.437 [info] > git for-each-ref --sort -committerdate --format %(refname) %(objectname) %(*objectname) [1ms]
2025-03-13 15:00:20.839 [info] > git check-ignore -v -z --stdin [0ms]
2025-03-13 15:00:21.450 [info] > git config --get commit.template [6ms]
2025-03-13 15:00:21.450 [info] > git for-each-ref --format=%(refname)%00%(upstream:short)%00%(objectname)%00%(upstream:track)%00%(upstream:remotename)%00%(upstream:remoteref) refs/heads/main refs/remotes/main [1ms]
2025-03-13 15:00:21.461 [info] > git status -z -uall [5ms]
2025-03-13 15:00:21.462 [info] > git for-each-ref --sort -committerdate --format %(refname) %(objectname) %(*objectname) [1ms]
2025-03-13 15:00:22.996 [info] > git show --textconv :index.html [12ms]
2025-03-13 15:00:22.998 [info] > git ls-files --stage -- index.html [2ms]
2025-03-13 15:00:23.013 [info] > git cat-file -s f79e442590fd9abc9cbf18b51b878dad6caad2a4 [3ms]
2025-03-13 15:00:23.418 [info] > git blame --root --incremental 9ef1e5d2489fb6d3f34db28b455702f0db5e3327 -- index.html [1ms]
2025-03-13 15:00:26.471 [info] > git config --get commit.template [4ms]
2025-03-13 15:00:26.471 [info] > git for-each-ref --format=%(refname)%00%(upstream:short)%00%(objectname)%00%(upstream:track)%00%(upstream:remotename)%00%(upstream:remoteref) refs/heads/main refs/remotes/main [1ms]
2025-03-13 15:00:26.479 [info] > git status -z -uall [4ms]
2025-03-13 15:00:26.480 [info] > git for-each-ref --sort -committerdate --format %(refname) %(objectname) %(*objectname) [1ms]
2025-03-13 15:00:31.492 [info] > git config --get commit.template [4ms]
2025-03-13 15:00:31.492 [info] > git for-each-ref --format=%(refname)%00%(upstream:short)%00%(objectname)%00%(upstream:track)%00%(upstream:remotename)%00%(upstream:remoteref) refs/heads/main refs/remotes/main [0ms]
2025-03-13 15:00:31.501 [info] > git status -z -uall [5ms]
2025-03-13 15:00:31.502 [info] > git for-each-ref --sort -committerdate --format %(refname) %(objectname) %(*objectname) [1ms]
2025-03-13 15:00:35.468 [info] > git log --format=%H%n%aN%n%aE%n%at%n%ct%n%P%n%D%n%B -z --shortstat --diff-merges=first-parent -n50 --skip=0 --topo-order --decorate=full --stdin [1ms]
2025-03-13 15:00:36.003 [info] > git check-ignore -v -z --stdin [1ms]
2025-03-13 15:00:36.515 [info] > git config --get commit.template [5ms]
2025-03-13 15:00:36.516 [info] > git for-each-ref --format=%(refname)%00%(upstream:short)%00%(objectname)%00%(upstream:track)%00%(upstream:remotename)%00%(upstream:remoteref) refs/heads/main refs/remotes/main [2ms]
2025-03-13 15:00:36.526 [info] > git status -z -uall [5ms]
2025-03-13 15:00:36.528 [info] > git for-each-ref --sort -committerdate --format %(refname) %(objectname) %(*objectname) [2ms]
2025-03-13 15:00:38.519 [info] > git add -A -- . [244ms]
2025-03-13 15:00:38.865 [info] > git show --textconv :.git/COMMIT_EDITMSG [11ms]
2025-03-13 15:00:38.871 [info] > git ls-files --stage -- .git/COMMIT_EDITMSG [7ms]
2025-03-13 15:00:38.879 [info] > git hash-object -t tree /dev/null [9ms]
2025-03-13 15:00:38.879 [warning] [GitFileSystemProvider][readFile] File not found - git:/home/dataline/Desktop/GitHub/.git/COMMIT_EDITMSG.git?%7B%22path%22%3A%22%2Fhome%2Fdataline%2FDesktop%2FGitHub%2F.git%2FCOMMIT_EDITMSG%22%2C%22ref%22%3A%22%22%7D
2025-03-13 15:00:38.881 [info] > git hash-object -t tree /dev/null [3ms]
2025-03-13 15:00:38.881 [warning] [GitFileSystemProvider][stat] File not found - git:/home/dataline/Desktop/GitHub/.git/COMMIT_EDITMSG.git?%7B%22path%22%3A%22%2Fhome%2Fdataline%2FDesktop%2FGitHub%2F.git%2FCOMMIT_EDITMSG%22%2C%22ref%22%3A%22%22%7D
2025-03-13 15:00:39.191 [info] > git check-ignore -v -z --stdin [1ms]
2025-03-13 15:00:41.825 [info] > git check-ignore -v -z --stdin [1ms]
2025-03-13 15:00:42.833 [info] > git diff-tree -r --name-status -z --diff-filter=ADMR --find-renames=50% 4b825dc642cb6eb9a060e54bf8d69288fbee4904 dd0091adad6f6b1c043bc507e93c98ed0a939bd0 [1ms]
2025-03-13 15:00:42.866 [info] > git show --textconv dd0091adad6f6b1c043bc507e93c98ed0a939bd0:index.html [8ms]
2025-03-13 15:00:42.868 [info] > git ls-tree -l dd0091adad6f6b1c043bc507e93c98ed0a939bd0 -- index.html [4ms]
2025-03-13 15:00:43.374 [info] > git check-ignore -v -z --stdin [0ms]
2025-03-13 15:00:48.303 [info] > git show --textconv :index.html [7ms]
2025-03-13 15:00:48.303 [info] > git ls-files --stage -- index.html [1ms]
2025-03-13 15:00:48.310 [info] > git cat-file -s 30d68a3cea13baf963306d0b605f7ad1dbcd3d4f [1ms]
2025-03-13 15:00:48.914 [info] > git show --textconv :.git/COMMIT_EDITMSG [7ms]
2025-03-13 15:00:48.914 [warning] [GitFileSystemProvider][readFile] File not found - git:/home/dataline/Desktop/GitHub/.git/COMMIT_EDITMSG.git?%7B%22path%22%3A%22%2Fhome%2Fdataline%2FDesktop%2FGitHub%2F.git%2FCOMMIT_EDITMSG%22%2C%22ref%22%3A%22%22%7D
2025-03-13 15:00:48.915 [info] > git ls-files --stage -- .git/COMMIT_EDITMSG [2ms]
2025-03-13 15:00:48.915 [warning] [GitFileSystemProvider][stat] File not found - git:/home/dataline/Desktop/GitHub/.git/COMMIT_EDITMSG.git?%7B%22path%22%3A%22%2Fhome%2Fdataline%2FDesktop%2FGitHub%2F.git%2FCOMMIT_EDITMSG%22%2C%22ref%22%3A%22%22%7D
2025-03-13 15:00:50.276 [info] > git show --textconv :.git/COMMIT_EDITMSG [4ms]
2025-03-13 15:00:50.277 [warning] [GitFileSystemProvider][readFile] File not found - git:/home/dataline/Desktop/GitHub/.git/COMMIT_EDITMSG.git?%7B%22path%22%3A%22%2Fhome%2Fdataline%2FDesktop%2FGitHub%2F.git%2FCOMMIT_EDITMSG%22%2C%22ref%22%3A%22%22%7D
2025-03-13 15:00:50.277 [info] > git ls-files --stage -- .git/COMMIT_EDITMSG [1ms]
2025-03-13 15:00:50.278 [warning] [GitFileSystemProvider][stat] File not found - git:/home/dataline/Desktop/GitHub/.git/COMMIT_EDITMSG.git?%7B%22path%22%3A%22%2Fhome%2Fdataline%2FDesktop%2FGitHub%2F.git%2FCOMMIT_EDITMSG%22%2C%22ref%22%3A%22%22%7D
2025-03-13 15:00:50.676 [info] > git -c user.useConfigOnly=true commit --quiet [12152ms]
2025-03-13 15:00:50.676 [info] Aborting commit due to empty commit message.
2025-03-13 15:00:50.690 [info] > git for-each-ref --format=%(refname)%00%(upstream:short)%00%(objectname)%00%(upstream:track)%00%(upstream:remotename)%00%(upstream:remoteref) refs/heads/main refs/remotes/main [2ms]
2025-03-13 15:00:50.690 [info] > git config --get commit.template [6ms]
2025-03-13 15:00:50.706 [info] > git status -z -uall [8ms]
2025-03-13 15:00:50.707 [info] > git for-each-ref --sort -committerdate --format %(refname) %(objectname) %(*objectname) [3ms]
2025-03-13 15:00:50.725 [info] > git config --get commit.template [2ms]
2025-03-13 15:00:50.734 [info] > git for-each-ref --format=%(refname)%00%(upstream:short)%00%(objectname)%00%(upstream:track)%00%(upstream:remotename)%00%(upstream:remoteref) refs/heads/main refs/remotes/main [2ms]
2025-03-13 15:00:50.751 [info] > git status -z -uall [10ms]
2025-03-13 15:00:50.752 [info] > git for-each-ref --sort -committerdate --format %(refname) %(objectname) %(*objectname) [3ms]
2025-03-13 15:00:51.094 [info] > git show --textconv :index.html [22ms]
2025-03-13 15:00:51.095 [info] > git show --textconv HEAD:index.html [16ms]
2025-03-13 15:00:51.095 [info] > git ls-files --stage -- index.html [7ms]
2025-03-13 15:00:51.102 [info] > git cat-file -s 30d68a3cea13baf963306d0b605f7ad1dbcd3d4f [2ms]
2025-03-13 15:00:51.102 [info] > git ls-tree -l HEAD -- index.html [8ms]
2025-03-13 15:00:55.768 [info] > git config --get commit.template [4ms]
2025-03-13 15:00:55.768 [info] > git for-each-ref --format=%(refname)%00%(upstream:short)%00%(objectname)%00%(upstream:track)%00%(upstream:remotename)%00%(upstream:remoteref) refs/heads/main refs/remotes/main [1ms]
2025-03-13 15:00:55.777 [info] > git status -z -uall [5ms]
2025-03-13 15:00:55.779 [info] > git for-each-ref --sort -committerdate --format %(refname) %(objectname) %(*objectname) [3ms]
2025-03-13 15:01:01.470 [info] > git -c user.useConfigOnly=true commit --quiet --allow-empty-message --file - [3ms]
2025-03-13 15:01:01.478 [info] > git config --get commit.template [0ms]
2025-03-13 15:01:01.491 [info] > git config --get commit.template [4ms]
2025-03-13 15:01:01.498 [info] > git for-each-ref --format=%(refname)%00%(upstream:short)%00%(objectname)%00%(upstream:track)%00%(upstream:remotename)%00%(upstream:remoteref) refs/heads/main refs/remotes/main [1ms]
2025-03-13 15:01:01.509 [info] > git status -z -uall [4ms]
2025-03-13 15:01:01.510 [info] > git for-each-ref --sort -committerdate --format %(refname) %(objectname) %(*objectname) [1ms]
2025-03-13 15:01:01.522 [info] > git blame --root --incremental 1c2c95d38857d437b07e04f58ad7d819aa951add -- index.html [3ms]
2025-03-13 15:01:01.561 [info] > git config --get commit.template [1ms]
2025-03-13 15:01:01.572 [info] > git for-each-ref --format=%(refname)%00%(upstream:short)%00%(objectname)%00%(upstream:track)%00%(upstream:remotename)%00%(upstream:remoteref) refs/heads/main refs/remotes/main [1ms]
2025-03-13 15:01:01.587 [info] > git status -z -uall [9ms]
2025-03-13 15:01:01.588 [info] > git for-each-ref --sort -committerdate --format %(refname) %(objectname) %(*objectname) [0ms]
2025-03-13 15:01:01.598 [info] > git log --format=%H%n%aN%n%aE%n%at%n%ct%n%P%n%D%n%B -z --shortstat --diff-merges=first-parent -n50 --skip=0 --topo-order --decorate=full --stdin [67ms]
2025-03-13 15:01:02.839 [info] > git ls-tree -l dd0091adad6f6b1c043bc507e93c98ed0a939bd0 -- index.html [6ms]
2025-03-13 15:01:02.839 [info] > git ls-files --stage -- index.html [1ms]
2025-03-13 15:01:02.851 [info] > git cat-file -s 30d68a3cea13baf963306d0b605f7ad1dbcd3d4f [6ms]
2025-03-13 15:01:02.852 [info] > git show --textconv dd0091adad6f6b1c043bc507e93c98ed0a939bd0:index.html [2ms]
2025-03-13 15:01:02.859 [info] > git show --textconv :index.html [1ms]
2025-03-13 15:01:03.837 [info] > git config --get commit.template [5ms]
2025-03-13 15:01:03.838 [info] > git for-each-ref --format=%(refname)%00%(upstream:short)%00%(objectname)%00%(upstream:track)%00%(upstream:remotename)%00%(upstream:remoteref) refs/heads/main refs/remotes/main [1ms]
2025-03-13 15:01:03.849 [info] > git status -z -uall [8ms]
2025-03-13 15:01:03.850 [info] > git for-each-ref --sort -committerdate --format %(refname) %(objectname) %(*objectname) [1ms]
2025-03-13 15:01:08.862 [info] > git for-each-ref --format=%(refname)%00%(upstream:short)%00%(objectname)%00%(upstream:track)%00%(upstream:remotename)%00%(upstream:remoteref) refs/heads/main refs/remotes/main [1ms]
2025-03-13 15:01:08.862 [info] > git config --get commit.template [5ms]
2025-03-13 15:01:08.872 [info] > git status -z -uall [4ms]
2025-03-13 15:01:08.874 [info] > git for-each-ref --sort -committerdate --format %(refname) %(objectname) %(*objectname) [1ms]
2025-03-13 15:01:13.886 [info] > git config --get commit.template [5ms]
2025-03-13 15:01:13.887 [info] > git for-each-ref --format=%(refname)%00%(upstream:short)%00%(objectname)%00%(upstream:track)%00%(upstream:remotename)%00%(upstream:remoteref) refs/heads/main refs/remotes/main [0ms]
2025-03-13 15:01:13.897 [info] > git status -z -uall [6ms]
2025-03-13 15:01:13.898 [info] > git for-each-ref --sort -committerdate --format %(refname) %(objectname) %(*objectname) [1ms]
2025-03-13 15:01:14.521 [info] > git check-ignore -v -z --stdin [1ms]
2025-03-13 15:01:24.091 [info] > git ls-tree -l dd0091adad6f6b1c043bc507e93c98ed0a939bd0 -- index.html [1ms]
2025-03-13 15:01:27.180 [info] > git ls-tree -l dd0091adad6f6b1c043bc507e93c98ed0a939bd0 -- index.html [2ms]
2025-03-13 15:01:58.821 [info] > git ls-tree -l dd0091adad6f6b1c043bc507e93c98ed0a939bd0 -- index.html [1ms]
2025-03-13 15:02:05.492 [info] > git ls-tree -l dd0091adad6f6b1c043bc507e93c98ed0a939bd0 -- index.html [1ms]
2025-03-13 15:02:10.508 [info] > git ls-tree -l dd0091adad6f6b1c043bc507e93c98ed0a939bd0 -- index.html [2ms]
